#
# There is insufficient memory for the Java Runtime Environment to continue.
# Native memory allocation (malloc) failed to allocate 137776 bytes for Chunk::new
# Possible reasons:
#   The system is out of physical RAM or swap space
#   In 32 bit mode, the process size limit was hit
# Possible solutions:
#   Reduce memory load on the system
#   Increase physical memory or swap space
#   Check if swap backing store is full
#   Use 64 bit Java on a 64 bit OS
#   Decrease Java heap size (-Xmx/-Xms)
#   Decrease number of Java threads
#   Decrease Java thread stack sizes (-Xss)
#   Set larger code cache with -XX:ReservedCodeCacheSize=
# This output file may be truncated or incomplete.
#
#  Out of Memory Error (allocation.cpp:323), pid=6172, tid=5892
#
# JRE version: Java(TM) SE Runtime Environment (7.0_79-b15) (build 1.7.0_79-b15)
# Java VM: Java HotSpot(TM) 64-Bit Server VM (24.79-b02 mixed mode windows-amd64 compressed oops)
# Failed to write core dump. Minidumps are not enabled by default on client versions of Windows
#

---------------  T H R E A D  ---------------

Current thread (0x0000000007f54000):  JavaThread "C2 CompilerThread0" daemon [_thread_in_native, id=5892, stack(0x00000000094d0000,0x00000000095d0000)]

Stack: [0x00000000094d0000,0x00000000095d0000]
[error occurred during error reporting (printing stack bounds), id 0xc0000005]


[error occurred during error reporting (printing native stack), id 0xc0000005]


Current CompileTask:
C2:   4273  304             com.android.dx.ssa.LiteralOpUpgrader::tryReplacingWithConstant (161 bytes)


---------------  P R O C E S S  ---------------

Java Threads: ( => current thread )
  0x0000000009aa7800 JavaThread "pool-1-thread-4" [_thread_in_vm, id=3904, stack(0x000000000a0d0000,0x000000000a1d0000)]
  0x0000000009aa6800 JavaThread "pool-1-thread-3" [_thread_blocked, id=5836, stack(0x0000000009fd0000,0x000000000a0d0000)]
  0x0000000009aa2000 JavaThread "pool-1-thread-2" [_thread_blocked, id=5936, stack(0x0000000009ed0000,0x0000000009fd0000)]
  0x0000000009b0f800 JavaThread "pool-2-thread-1" [_thread_blocked, id=7516, stack(0x0000000009dd0000,0x0000000009ed0000)]
  0x0000000009a16800 JavaThread "pool-1-thread-1" [_thread_in_vm, id=7232, stack(0x0000000009cd0000,0x0000000009dd0000)]
  0x0000000007f68000 JavaThread "Service Thread" daemon [_thread_blocked, id=5968, stack(0x00000000096d0000,0x00000000097d0000)]
  0x0000000007f55800 JavaThread "C2 CompilerThread1" daemon [_thread_in_native, id=6016, stack(0x00000000095d0000,0x00000000096d0000)]
=>0x0000000007f54000 JavaThread "C2 CompilerThread0" daemon [_thread_in_native, id=5892, stack(0x00000000094d0000,0x00000000095d0000)]
  0x0000000007f53000 JavaThread "Attach Listener" daemon [_thread_blocked, id=2284, stack(0x00000000093d0000,0x00000000094d0000)]
  0x0000000007f4f800 JavaThread "Signal Dispatcher" daemon [_thread_blocked, id=7144, stack(0x00000000092d0000,0x00000000093d0000)]
  0x0000000007f19000 JavaThread "Finalizer" daemon [_thread_blocked, id=4492, stack(0x00000000091d0000,0x00000000092d0000)]
  0x0000000007f15800 JavaThread "Reference Handler" daemon [_thread_blocked, id=1544, stack(0x00000000090d0000,0x00000000091d0000)]
  0x0000000001fc1000 JavaThread "main" [_thread_in_Java, id=2440, stack(0x0000000001ec0000,0x0000000001fc0000)]

Other Threads:
  0x0000000007f11800 VMThread [stack: 0x0000000008fd0000,0x00000000090d0000] [id=4736]
  0x0000000007f72800 WatcherThread [stack: 0x00000000097d0000,0x00000000098d0000] [id=2192]

VM state:not at safepoint (normal execution)

VM Mutex/Monitor currently owned by a thread:  ([mutex/lock_event])
[0x00000000006eb950] Patching_lock - owner thread: 0x0000000009a16800
[0x00000000006ec420] CompiledIC_lock - owner thread: 0x0000000009a16800

Heap
 PSYoungGen      total 38400K, used 37782K [0x00000000eaa80000, 0x00000000ed500000, 0x0000000100000000)
  eden space 33280K, 98% used [0x00000000eaa80000,0x00000000eca6adb0,0x00000000ecb00000)
  from space 5120K, 99% used [0x00000000ecb00000,0x00000000ecffaab8,0x00000000ed000000)
  to   space 5120K, 0% used [0x00000000ed000000,0x00000000ed000000,0x00000000ed500000)
 ParOldGen       total 86016K, used 1891K [0x00000000c0000000, 0x00000000c5400000, 0x00000000eaa80000)
  object space 86016K, 2% used [0x00000000c0000000,0x00000000c01d8c58,0x00000000c5400000)
 PSPermGen       total 21504K, used 5817K [0x00000000bae00000, 0x00000000bc300000, 0x00000000c0000000)
  object space 21504K, 27% used [0x00000000bae00000,0x00000000bb3ae568,0x00000000bc300000)

Card table byte_map: [0x0000000005180000,0x00000000053b0000] byte_map_base: 0x0000000004ba9000

Polling page: 0x0000000000670000

Code Cache  [0x00000000020c0000, 0x0000000002330000, 0x00000000050c0000)
 total_blobs=541 nmethods=304 adapters=189 free_code_cache=47946Kb largest_free_block=49040704

Compilation events (10 events):
Event: 4.133 Thread 0x0000000007f54000 nmethod 299 0x00000000021de550 code [0x00000000021de6a0, 0x00000000021de738]
Event: 4.133 Thread 0x0000000007f54000  300             java.util.HashMap::addEntry (69 bytes)
Event: 4.137 Thread 0x0000000007f54000 nmethod 300 0x00000000021dfc90 code [0x00000000021dfe00, 0x00000000021e00d8]
Event: 4.137 Thread 0x0000000007f54000  301             java.util.HashMap$Entry::<init> (26 bytes)
Event: 4.138 Thread 0x0000000007f54000 nmethod 301 0x00000000021dfa90 code [0x00000000021dfbc0, 0x00000000021dfc38]
Event: 4.138 Thread 0x0000000007f54000  302             java.util.HashMap::createEntry (39 bytes)
Event: 4.140 Thread 0x0000000007f54000 nmethod 302 0x00000000021df650 code [0x00000000021df7a0, 0x00000000021df938]
Event: 4.140 Thread 0x0000000007f54000  303             com.android.dx.ssa.MoveParamCombiner$1::visitNonMoveInsn (213 bytes)
Event: 4.143 Thread 0x0000000007f54000 nmethod 303 0x00000000021df050 code [0x00000000021df1a0, 0x00000000021df318]
Event: 4.143 Thread 0x0000000007f54000  304             com.android.dx.ssa.LiteralOpUpgrader::tryReplacingWithConstant (161 bytes)

GC Heap History (2 events):
Event: 3.576 GC heap before
{Heap before GC invocations=1 (full 0):
 PSYoungGen      total 38400K, used 33280K [0x00000000eaa80000, 0x00000000ed500000, 0x0000000100000000)
  eden space 33280K, 100% used [0x00000000eaa80000,0x00000000ecb00000,0x00000000ecb00000)
  from space 5120K, 0% used [0x00000000ed000000,0x00000000ed000000,0x00000000ed500000)
  to   space 5120K, 0% used [0x00000000ecb00000,0x00000000ecb00000,0x00000000ed000000)
 ParOldGen       total 86016K, used 0K [0x00000000c0000000, 0x00000000c5400000, 0x00000000eaa80000)
  object space 86016K, 0% used [0x00000000c0000000,0x00000000c0000000,0x00000000c5400000)
 PSPermGen       total 21504K, used 5755K [0x00000000bae00000, 0x00000000bc300000, 0x00000000c0000000)
  object space 21504K, 26% used [0x00000000bae00000,0x00000000bb39ec48,0x00000000bc300000)
Event: 3.687 GC heap after
Heap after GC invocations=1 (full 0):
 PSYoungGen      total 38400K, used 5098K [0x00000000eaa80000, 0x00000000ed500000, 0x0000000100000000)
  eden space 33280K, 0% used [0x00000000eaa80000,0x00000000eaa80000,0x00000000ecb00000)
  from space 5120K, 99% used [0x00000000ecb00000,0x00000000ecffaab8,0x00000000ed000000)
  to   space 5120K, 0% used [0x00000000ed000000,0x00000000ed000000,0x00000000ed500000)
 ParOldGen       total 86016K, used 1891K [0x00000000c0000000, 0x00000000c5400000, 0x00000000eaa80000)
  object space 86016K, 2% used [0x00000000c0000000,0x00000000c01d8c58,0x00000000c5400000)
 PSPermGen       total 21504K, used 5755K [0x00000000bae00000, 0x00000000bc300000, 0x00000000c0000000)
  object space 21504K, 26% used [0x00000000bae00000,0x00000000bb39ec48,0x00000000bc300000)
}

Deoptimization events (10 events):
Event: 2.244 Thread 0x0000000009aa7800 Uncommon trap: reason=class_check action=maybe_recompile pc=0x0000000002138ef4 method=com.android.dx.ssa.NormalSsaInsn.accept(Lcom/android/dx/ssa/SsaInsn$Visitor;)V @ 9
Event: 2.787 Thread 0x0000000001fc1000 Uncommon trap: reason=null_check action=make_not_entrant pc=0x0000000002163e2c method=com.android.dx.rop.type.Type.putIntern(Lcom/android/dx/rop/type/Type;)Lcom/android/dx/rop/type/Type; @ 18
Event: 3.337 Thread 0x0000000009a16800 Uncommon trap: reason=null_check action=make_not_entrant pc=0x0000000002164e94 method=com.android.dx.rop.type.Type.equals(Ljava/lang/Object;)Z @ 8
Event: 3.383 Thread 0x0000000001fc1000 Uncommon trap: reason=class_check action=maybe_recompile pc=0x0000000002174938 method=java.util.HashMap.put(Ljava/lang/Object;Ljava/lang/Object;)Ljava/lang/Object; @ 83
Event: 3.728 Thread 0x0000000009aa7800 Uncommon trap: reason=unreached action=reinterpret pc=0x000000000214c7c4 method=com.android.dx.rop.cst.Constant.compareTo(Lcom/android/dx/rop/cst/Constant;)I @ 12
Event: 3.812 Thread 0x0000000009aa6800 Uncommon trap: reason=class_check action=maybe_recompile pc=0x0000000002174938 method=java.util.HashMap.put(Ljava/lang/Object;Ljava/lang/Object;)Ljava/lang/Object; @ 83
Event: 3.915 Thread 0x0000000009a16800 Uncommon trap: reason=class_check action=maybe_recompile pc=0x0000000002174938 method=java.util.HashMap.put(Ljava/lang/Object;Ljava/lang/Object;)Ljava/lang/Object; @ 83
Event: 3.916 Thread 0x0000000009a16800 Uncommon trap: reason=class_check action=maybe_recompile pc=0x0000000002174938 method=java.util.HashMap.put(Ljava/lang/Object;Ljava/lang/Object;)Ljava/lang/Object; @ 83
Event: 3.955 Thread 0x0000000009aa6800 Uncommon trap: reason=class_check action=maybe_recompile pc=0x00000000021c700c method=com.android.dx.cf.code.Ropper.processBlock(Lcom/android/dx/cf/code/ByteBlock;Lcom/android/dx/cf/code/Frame;[I)V @ 777
Event: 4.075 Thread 0x0000000009a16800 Uncommon trap: reason=null_check action=make_not_entrant pc=0x0000000002178c3c method=com.android.dx.ssa.SsaRenamer.getLocalForNewReg(I)Lcom/android/dx/rop/code/LocalItem; @ 19

Internal exceptions (10 events):
Event: 2.076 Thread 0x0000000009aa2000 Implicit null exception at 0x000000000213b8e0 to 0x000000000213bcc5
Event: 2.305 Thread 0x0000000009a16800 Threw 0x00000000eb855658 at C:\re\jdk7u79\2331\hotspot\src\share\vm\prims\jvm.cpp:1304
Event: 2.306 Thread 0x0000000009a16800 Threw 0x00000000eb85af58 at C:\re\jdk7u79\2331\hotspot\src\share\vm\prims\jvm.cpp:1304
Event: 2.307 Thread 0x0000000009a16800 Threw 0x00000000eb8605d0 at C:\re\jdk7u79\2331\hotspot\src\share\vm\prims\jvm.cpp:1304
Event: 2.393 Thread 0x0000000009a16800 Threw 0x00000000ebb44328 at C:\re\jdk7u79\2331\hotspot\src\share\vm\prims\jvm.cpp:1304
Event: 2.475 Thread 0x0000000001fc1000 Threw 0x00000000ebca61d8 at C:\re\jdk7u79\2331\hotspot\src\share\vm\prims\jvm.cpp:1304
Event: 2.787 Thread 0x0000000001fc1000 Implicit null exception at 0x000000000216373b to 0x0000000002163e1d
Event: 3.337 Thread 0x0000000009a16800 Implicit null exception at 0x0000000002164d92 to 0x0000000002164e85
Event: 3.360 Thread 0x0000000009a16800 Threw 0x00000000ec877ca8 at C:\re\jdk7u79\2331\hotspot\src\share\vm\prims\jvm.cpp:1304
Event: 4.075 Thread 0x0000000009a16800 Implicit null exception at 0x0000000002177954 to 0x0000000002178c0d

Events (10 events):
Event: 3.915 Thread 0x0000000009a16800 DEOPT UNPACKING pc=0x00000000020f75a4 sp=0x0000000009dcedf8 mode 2
Event: 3.916 Thread 0x0000000009a16800 Uncommon trap: trap_request=0xffffffde fr.pc=0x0000000002174938
Event: 3.916 Thread 0x0000000009a16800 DEOPT PACKING pc=0x0000000002174938 sp=0x0000000009dceef0
Event: 3.916 Thread 0x0000000009a16800 DEOPT UNPACKING pc=0x00000000020f75a4 sp=0x0000000009dcee98 mode 2
Event: 3.955 Thread 0x0000000009aa6800 Uncommon trap: trap_request=0xffffffde fr.pc=0x00000000021c700c
Event: 3.955 Thread 0x0000000009aa6800 DEOPT PACKING pc=0x00000000021c700c sp=0x000000000a0cea80
Event: 3.955 Thread 0x0000000009aa6800 DEOPT UNPACKING pc=0x00000000020f75a4 sp=0x000000000a0ce9f8 mode 2
Event: 4.075 Thread 0x0000000009a16800 Uncommon trap: trap_request=0xfffffff4 fr.pc=0x0000000002178c3c
Event: 4.076 Thread 0x0000000009a16800 DEOPT PACKING pc=0x0000000002178c3c sp=0x0000000009dcef00
Event: 4.076 Thread 0x0000000009a16800 DEOPT UNPACKING pc=0x00000000020f75a4 sp=0x0000000009dcec90 mode 2


Dynamic libraries:
0x00007ff766290000 - 0x00007ff7662c3000 	C:\Program Files\Java\jdk1.7.0_79\bin\java.exe
0x00007ffe38830000 - 0x00007ffe389f2000 	C:\Windows\SYSTEM32\ntdll.dll
0x00007ffe38720000 - 0x00007ffe387cd000 	C:\Windows\system32\KERNEL32.DLL
0x00007ffe35af0000 - 0x00007ffe35ccd000 	C:\Windows\system32\KERNELBASE.dll
0x00007ffe37a20000 - 0x00007ffe37ac6000 	C:\Windows\system32\ADVAPI32.dll
0x00007ffe37f10000 - 0x00007ffe37fad000 	C:\Windows\system32\msvcrt.dll
0x00007ffe38450000 - 0x00007ffe384ab000 	C:\Windows\system32\sechost.dll
0x00007ffe38290000 - 0x00007ffe383b6000 	C:\Windows\system32\RPCRT4.dll
0x00007ffe38030000 - 0x00007ffe3817e000 	C:\Windows\system32\USER32.dll
0x00007ffe38590000 - 0x00007ffe38716000 	C:\Windows\system32\GDI32.dll
0x00007ffe2e970000 - 0x00007ffe2ebe4000 	C:\Windows\WinSxS\amd64_microsoft.windows.common-controls_6595b64144ccf1df_6.0.10240.16384_none_f41f7b285750ef43\COMCTL32.dll
0x00007ffe37ae0000 - 0x00007ffe37b16000 	C:\Windows\system32\IMM32.DLL
0x00007ffe37430000 - 0x00007ffe3758c000 	C:\Windows\system32\MSCTF.dll
0x0000000062ea0000 - 0x0000000062f72000 	C:\Program Files\Java\jdk1.7.0_79\jre\bin\msvcr100.dll
0x0000000063330000 - 0x0000000063b05000 	C:\Program Files\Java\jdk1.7.0_79\jre\bin\server\jvm.dll
0x00007ffe37b20000 - 0x00007ffe37b28000 	C:\Windows\system32\PSAPI.DLL
0x00007ffe29310000 - 0x00007ffe29319000 	C:\Windows\SYSTEM32\WSOCK32.dll
0x00007ffe383c0000 - 0x00007ffe38429000 	C:\Windows\system32\WS2_32.dll
0x00007ffe37ad0000 - 0x00007ffe37ad8000 	C:\Windows\system32\NSI.dll
0x00007ffe336f0000 - 0x00007ffe33713000 	C:\Windows\SYSTEM32\WINMM.dll
0x00007ffe33400000 - 0x00007ffe3342c000 	C:\Windows\SYSTEM32\WINMMBASE.dll
0x00007ffe35aa0000 - 0x00007ffe35ae4000 	C:\Windows\system32\cfgmgr32.dll
0x00007ffe33b30000 - 0x00007ffe33b57000 	C:\Windows\SYSTEM32\DEVOBJ.dll
0x0000000063320000 - 0x000000006332f000 	C:\Program Files\Java\jdk1.7.0_79\jre\bin\verify.dll
0x00000000632f0000 - 0x0000000063318000 	C:\Program Files\Java\jdk1.7.0_79\jre\bin\java.dll
0x00000000632d0000 - 0x00000000632e5000 	C:\Program Files\Java\jdk1.7.0_79\jre\bin\zip.dll
0x00000000632b0000 - 0x00000000632ca000 	C:\Program Files\Java\jdk1.7.0_79\jre\bin\net.dll
0x00007ffe34a70000 - 0x00007ffe34acd000 	C:\Windows\system32\mswsock.dll
0x0000000063290000 - 0x00000000632a1000 	C:\Program Files\Java\jdk1.7.0_79\jre\bin\nio.dll

VM Arguments:
jvm_args: -Djava.awt.headless=true -Xmx1024M -Dfile.encoding=windows-1252 -Duser.country=US -Duser.language=en -Duser.variant 
java_command: com.android.dx.command.Main --dex --num-threads=4 --output E:\IUIUCHATBOX\CampusMobApp\app\build\intermediates\pre-dexed\debug\com.android.support-design-23.4.0_acf73d8c25bab3d12fedb4e5668c6d2b04572726.jar E:\IUIUCHATBOX\CampusMobApp\app\build\intermediates\exploded-aar\com.android.support\design\23.4.0\jars\classes.jar
Launcher Type: SUN_STANDARD

Environment Variables:
PATH=C:\ProgramData\Oracle\Java\javapath;C:\Windows\system32;C:\Windows;C:\Windows\System32\Wbem;C:\Windows\System32\WindowsPowerShell\v1.0\;C:\Program Files\Microsoft SQL Server\110\Tools\Binn\;C:\Program Files (x86)\Skype\Phone\;C:\Program Files\Microsoft\Web Platform Installer\;C:\Program Files (x86)\Microsoft ASP.NET\ASP.NET Web Pages\v1.0\;C:\Program Files (x86)\Windows Kits\8.0\Windows Performance Toolkit\
USERNAME=HUZY_KAMZ
OS=Windows_NT
PROCESSOR_IDENTIFIER=Intel64 Family 6 Model 69 Stepping 1, GenuineIntel



---------------  S Y S T E M  ---------------

OS: Windows 8.1 , 64 bit Build 9600 

CPU:total 4 (2 cores per cpu, 2 threads per core) family 6 model 69 stepping 1, cmov, cx8, fxsr, mmx, sse, sse2, sse3, ssse3, sse4.1, sse4.2, popcnt, avx, avx2, aes, erms, ht, tsc, tscinvbit

Memory: 4k page, physical 8274284k(1113268k free), swap 8274284k(264804k free)

vm_info: Java HotSpot(TM) 64-Bit Server VM (24.79-b02) for windows-amd64 JRE (1.7.0_79-b15), built on Apr 10 2015 12:36:16 by "java_re" with unknown MS VC++:1600

time: Tue Oct 11 11:33:11 2016
elapsed time: 4 seconds

