#
# There is insufficient memory for the Java Runtime Environment to continue.
# Native memory allocation (malloc) failed to allocate 702016 bytes for Chunk::new
# Possible reasons:
#   The system is out of physical RAM or swap space
#   In 32 bit mode, the process size limit was hit
# Possible solutions:
#   Reduce memory load on the system
#   Increase physical memory or swap space
#   Check if swap backing store is full
#   Use 64 bit Java on a 64 bit OS
#   Decrease Java heap size (-Xmx/-Xms)
#   Decrease number of Java threads
#   Decrease Java thread stack sizes (-Xss)
#   Set larger code cache with -XX:ReservedCodeCacheSize=
# This output file may be truncated or incomplete.
#
#  Out of Memory Error (allocation.cpp:323), pid=5544, tid=796
#
# JRE version: Java(TM) SE Runtime Environment (7.0_79-b15) (build 1.7.0_79-b15)
# Java VM: Java HotSpot(TM) 64-Bit Server VM (24.79-b02 mixed mode windows-amd64 compressed oops)
# Failed to write core dump. Minidumps are not enabled by default on client versions of Windows
#

---------------  T H R E A D  ---------------

Current thread (0x0000000008506800):  JavaThread "C2 CompilerThread0" daemon [_thread_in_native, id=796, stack(0x0000000009a80000,0x0000000009b80000)]

Stack: [0x0000000009a80000,0x0000000009b80000]
[error occurred during error reporting (printing stack bounds), id 0xc0000005]


Current CompileTask:
C2:   3695  262   !         com.android.dx.cf.code.Ropper::processBlock (1101 bytes)


---------------  P R O C E S S  ---------------

Java Threads: ( => current thread )
  0x000000000a078000 JavaThread "pool-1-thread-4" [_thread_in_Java, id=6636, stack(0x000000000a680000,0x000000000a780000)]
  0x000000000a049000 JavaThread "pool-1-thread-3" [_thread_in_Java, id=7872, stack(0x000000000a580000,0x000000000a680000)]
  0x000000000a048000 JavaThread "pool-1-thread-2" [_thread_in_Java, id=904, stack(0x000000000a480000,0x000000000a580000)]
  0x0000000009f26000 JavaThread "pool-2-thread-1" [_thread_blocked, id=2204, stack(0x000000000a380000,0x000000000a480000)]
  0x000000000a0bb800 JavaThread "pool-1-thread-1" [_thread_in_Java, id=5932, stack(0x000000000a280000,0x000000000a380000)]
  0x000000000851a800 JavaThread "Service Thread" daemon [_thread_blocked, id=2760, stack(0x0000000009c80000,0x0000000009d80000)]
  0x0000000008508800 JavaThread "C2 CompilerThread1" daemon [_thread_in_native, id=7584, stack(0x0000000009b80000,0x0000000009c80000)]
=>0x0000000008506800 JavaThread "C2 CompilerThread0" daemon [_thread_in_native, id=796, stack(0x0000000009a80000,0x0000000009b80000)]
  0x0000000008505800 JavaThread "Attach Listener" daemon [_thread_blocked, id=5692, stack(0x0000000009980000,0x0000000009a80000)]
  0x0000000008502800 JavaThread "Signal Dispatcher" daemon [_thread_blocked, id=6440, stack(0x0000000009880000,0x0000000009980000)]
  0x00000000084c9000 JavaThread "Finalizer" daemon [_thread_blocked, id=1364, stack(0x0000000009780000,0x0000000009880000)]
  0x00000000084c5800 JavaThread "Reference Handler" daemon [_thread_blocked, id=3376, stack(0x0000000009680000,0x0000000009780000)]
  0x00000000024e1000 JavaThread "main" [_thread_blocked, id=7092, stack(0x0000000002380000,0x0000000002480000)]

Other Threads:
  0x00000000084c1800 VMThread [stack: 0x0000000009580000,0x0000000009680000] [id=5408]
  0x0000000008525000 WatcherThread [stack: 0x0000000009d80000,0x0000000009e80000] [id=6868]

VM state:not at safepoint (normal execution)

VM Mutex/Monitor currently owned by a thread: None

Heap
 PSYoungGen      total 38400K, used 13254K [0x00000000eaa80000, 0x00000000ef580000, 0x0000000100000000)
  eden space 33280K, 24% used [0x00000000eaa80000,0x00000000eb273d28,0x00000000ecb00000)
  from space 5120K, 99% used [0x00000000ecb00000,0x00000000ecffdc88,0x00000000ed000000)
  to   space 5120K, 0% used [0x00000000ef080000,0x00000000ef080000,0x00000000ef580000)
 ParOldGen       total 86016K, used 1548K [0x00000000c0000000, 0x00000000c5400000, 0x00000000eaa80000)
  object space 86016K, 1% used [0x00000000c0000000,0x00000000c0183130,0x00000000c5400000)
 PSPermGen       total 21504K, used 5766K [0x00000000bae00000, 0x00000000bc300000, 0x00000000c0000000)
  object space 21504K, 26% used [0x00000000bae00000,0x00000000bb3a19b0,0x00000000bc300000)

Card table byte_map: [0x0000000005730000,0x0000000005960000] byte_map_base: 0x0000000005159000

Polling page: 0x0000000002480000

Code Cache  [0x0000000002670000, 0x00000000028e0000, 0x0000000005670000)
 total_blobs=501 nmethods=264 adapters=189 free_code_cache=48114Kb largest_free_block=49236480

Compilation events (10 events):
Event: 3.606 Thread 0x0000000008506800 nmethod 257 0x000000000276f110 code [0x000000000276f240, 0x000000000276f2d8]
Event: 3.606 Thread 0x0000000008506800  258             com.android.dx.cf.attrib.BaseAttribute::getName (5 bytes)
Event: 3.606 Thread 0x0000000008506800 nmethod 258 0x000000000276ef10 code [0x000000000276f040, 0x000000000276f098]
Event: 3.606 Thread 0x0000000008506800  259             com.android.dx.cf.code.Frame::getStack (5 bytes)
Event: 3.606 Thread 0x0000000008506800 nmethod 259 0x000000000276ed10 code [0x000000000276ee40, 0x000000000276ee98]
Event: 3.606 Thread 0x0000000008506800  260             com.android.dx.rop.code.BasicBlockList$RegCountVisitor::visitPlainInsn (6 bytes)
Event: 3.611 Thread 0x0000000008506800 nmethod 260 0x0000000002770a90 code [0x0000000002770be0, 0x0000000002770e38]
Event: 3.611 Thread 0x0000000008506800  261             com.android.dx.rop.cst.CstString::getString (5 bytes)
Event: 3.611 Thread 0x0000000008506800 nmethod 261 0x000000000276d390 code [0x000000000276d4c0, 0x000000000276d518]
Event: 3.611 Thread 0x0000000008506800  262   !         com.android.dx.cf.code.Ropper::processBlock (1101 bytes)

GC Heap History (2 events):
Event: 3.470 GC heap before
{Heap before GC invocations=1 (full 0):
 PSYoungGen      total 38400K, used 33280K [0x00000000eaa80000, 0x00000000ed500000, 0x0000000100000000)
  eden space 33280K, 100% used [0x00000000eaa80000,0x00000000ecb00000,0x00000000ecb00000)
  from space 5120K, 0% used [0x00000000ed000000,0x00000000ed000000,0x00000000ed500000)
  to   space 5120K, 0% used [0x00000000ecb00000,0x00000000ecb00000,0x00000000ed000000)
 ParOldGen       total 86016K, used 0K [0x00000000c0000000, 0x00000000c5400000, 0x00000000eaa80000)
  object space 86016K, 0% used [0x00000000c0000000,0x00000000c0000000,0x00000000c5400000)
 PSPermGen       total 21504K, used 5754K [0x00000000bae00000, 0x00000000bc300000, 0x00000000c0000000)
  object space 21504K, 26% used [0x00000000bae00000,0x00000000bb39e9f8,0x00000000bc300000)
Event: 3.520 GC heap after
Heap after GC invocations=1 (full 0):
 PSYoungGen      total 38400K, used 5111K [0x00000000eaa80000, 0x00000000ef580000, 0x0000000100000000)
  eden space 33280K, 0% used [0x00000000eaa80000,0x00000000eaa80000,0x00000000ecb00000)
  from space 5120K, 99% used [0x00000000ecb00000,0x00000000ecffdc88,0x00000000ed000000)
  to   space 5120K, 0% used [0x00000000ef080000,0x00000000ef080000,0x00000000ef580000)
 ParOldGen       total 86016K, used 1548K [0x00000000c0000000, 0x00000000c5400000, 0x00000000eaa80000)
  object space 86016K, 1% used [0x00000000c0000000,0x00000000c0183130,0x00000000c5400000)
 PSPermGen       total 21504K, used 5754K [0x00000000bae00000, 0x00000000bc300000, 0x00000000c0000000)
  object space 21504K, 26% used [0x00000000bae00000,0x00000000bb39e9f8,0x00000000bc300000)
}

Deoptimization events (4 events):
Event: 1.793 Thread 0x00000000024e1000 Uncommon trap: reason=null_check action=make_not_entrant pc=0x00000000026ecdb0 method=com.android.dx.rop.code.LocalItem.equals(Ljava/lang/Object;)Z @ 1
Event: 2.815 Thread 0x000000000a0bb800 Uncommon trap: reason=null_check action=make_not_entrant pc=0x000000000271fbac method=com.android.dx.rop.code.RegisterSpec.equals(Ljava/lang/Object;)Z @ 1
Event: 2.907 Thread 0x000000000a048000 Uncommon trap: reason=null_check action=make_not_entrant pc=0x0000000002723f84 method=com.android.dx.ssa.SsaRenamer.getLocalForNewReg(I)Lcom/android/dx/rop/code/LocalItem; @ 19
Event: 3.402 Thread 0x00000000024e1000 Uncommon trap: reason=null_check action=make_not_entrant pc=0x0000000002755d74 method=com.android.dx.rop.type.Type.putIntern(Lcom/android/dx/rop/type/Type;)Lcom/android/dx/rop/type/Type; @ 18

Internal exceptions (10 events):
Event: 1.549 Thread 0x000000000a0bb800 Threw 0x00000000eb4b1d08 at C:\re\jdk7u79\2331\hotspot\src\share\vm\prims\jvm.cpp:1304
Event: 1.568 Thread 0x000000000a049000 Threw 0x00000000eb424048 at C:\re\jdk7u79\2331\hotspot\src\share\vm\prims\jvm.cpp:1304
Event: 1.675 Thread 0x00000000024e1000 Threw 0x00000000eb679ad8 at C:\re\jdk7u79\2331\hotspot\src\share\vm\prims\jvm.cpp:1304
Event: 1.716 Thread 0x000000000a078000 Threw 0x00000000eb611fb0 at C:\re\jdk7u79\2331\hotspot\src\share\vm\prims\jvm.cpp:1304
Event: 1.793 Thread 0x00000000024e1000 Implicit null exception at 0x00000000026ec9c4 to 0x00000000026ecd99
Event: 2.815 Thread 0x000000000a0bb800 Implicit null exception at 0x000000000271ee26 to 0x000000000271fb75
Event: 2.836 Thread 0x000000000a048000 Threw 0x00000000ec033808 at C:\re\jdk7u79\2331\hotspot\src\share\vm\prims\jvm.cpp:1304
Event: 2.837 Thread 0x00000000024e1000 Threw 0x00000000ebe31cb8 at C:\re\jdk7u79\2331\hotspot\src\share\vm\prims\jvm.cpp:1304
Event: 2.907 Thread 0x000000000a048000 Implicit null exception at 0x0000000002722f4a to 0x0000000002723f61
Event: 3.402 Thread 0x00000000024e1000 Implicit null exception at 0x0000000002755687 to 0x0000000002755d65

Events (10 events):
Event: 2.837 loading class 0x00000000085658b0
Event: 2.837 loading class 0x00000000085658b0 done
Event: 2.907 Thread 0x000000000a048000 Uncommon trap: trap_request=0xfffffff4 fr.pc=0x0000000002723f84
Event: 2.907 Thread 0x000000000a048000 DEOPT PACKING pc=0x0000000002723f84 sp=0x000000000a57ecb0
Event: 2.907 Thread 0x000000000a048000 DEOPT UNPACKING pc=0x00000000026a75a4 sp=0x000000000a57ea48 mode 2
Event: 3.402 Thread 0x00000000024e1000 Uncommon trap: trap_request=0xfffffff4 fr.pc=0x0000000002755d74
Event: 3.402 Thread 0x00000000024e1000 DEOPT PACKING pc=0x0000000002755d74 sp=0x000000000247eb60
Event: 3.402 Thread 0x00000000024e1000 DEOPT UNPACKING pc=0x00000000026a75a4 sp=0x000000000247ea80 mode 2
Event: 3.470 Executing VM operation: ParallelGCFailedAllocation
Event: 3.520 Executing VM operation: ParallelGCFailedAllocation done


Dynamic libraries:
0x00007ff766290000 - 0x00007ff7662c3000 	C:\Program Files\Java\jdk1.7.0_79\bin\java.exe
0x00007ffe38830000 - 0x00007ffe389f2000 	C:\Windows\SYSTEM32\ntdll.dll
0x00007ffe38720000 - 0x00007ffe387cd000 	C:\Windows\system32\KERNEL32.DLL
0x00007ffe35af0000 - 0x00007ffe35ccd000 	C:\Windows\system32\KERNELBASE.dll
0x00007ffe37a20000 - 0x00007ffe37ac6000 	C:\Windows\system32\ADVAPI32.dll
0x00007ffe37f10000 - 0x00007ffe37fad000 	C:\Windows\system32\msvcrt.dll
0x00007ffe38450000 - 0x00007ffe384ab000 	C:\Windows\system32\sechost.dll
0x00007ffe38290000 - 0x00007ffe383b6000 	C:\Windows\system32\RPCRT4.dll
0x00007ffe38030000 - 0x00007ffe3817e000 	C:\Windows\system32\USER32.dll
0x00007ffe38590000 - 0x00007ffe38716000 	C:\Windows\system32\GDI32.dll
0x00007ffe2e970000 - 0x00007ffe2ebe4000 	C:\Windows\WinSxS\amd64_microsoft.windows.common-controls_6595b64144ccf1df_6.0.10240.16384_none_f41f7b285750ef43\COMCTL32.dll
0x00007ffe37ae0000 - 0x00007ffe37b16000 	C:\Windows\system32\IMM32.DLL
0x00007ffe37430000 - 0x00007ffe3758c000 	C:\Windows\system32\MSCTF.dll
0x0000000062ea0000 - 0x0000000062f72000 	C:\Program Files\Java\jdk1.7.0_79\jre\bin\msvcr100.dll
0x0000000063330000 - 0x0000000063b05000 	C:\Program Files\Java\jdk1.7.0_79\jre\bin\server\jvm.dll
0x00007ffe37b20000 - 0x00007ffe37b28000 	C:\Windows\system32\PSAPI.DLL
0x00007ffe29310000 - 0x00007ffe29319000 	C:\Windows\SYSTEM32\WSOCK32.dll
0x00007ffe383c0000 - 0x00007ffe38429000 	C:\Windows\system32\WS2_32.dll
0x00007ffe37ad0000 - 0x00007ffe37ad8000 	C:\Windows\system32\NSI.dll
0x00007ffe336f0000 - 0x00007ffe33713000 	C:\Windows\SYSTEM32\WINMM.dll
0x00007ffe33400000 - 0x00007ffe3342c000 	C:\Windows\SYSTEM32\WINMMBASE.dll
0x00007ffe35aa0000 - 0x00007ffe35ae4000 	C:\Windows\system32\cfgmgr32.dll
0x00007ffe33b30000 - 0x00007ffe33b57000 	C:\Windows\SYSTEM32\DEVOBJ.dll
0x0000000063320000 - 0x000000006332f000 	C:\Program Files\Java\jdk1.7.0_79\jre\bin\verify.dll
0x00000000632f0000 - 0x0000000063318000 	C:\Program Files\Java\jdk1.7.0_79\jre\bin\java.dll
0x00000000632d0000 - 0x00000000632e5000 	C:\Program Files\Java\jdk1.7.0_79\jre\bin\zip.dll
0x00000000632b0000 - 0x00000000632ca000 	C:\Program Files\Java\jdk1.7.0_79\jre\bin\net.dll
0x00007ffe34a70000 - 0x00007ffe34acd000 	C:\Windows\system32\mswsock.dll
0x0000000063290000 - 0x00000000632a1000 	C:\Program Files\Java\jdk1.7.0_79\jre\bin\nio.dll

VM Arguments:
jvm_args: -Djava.awt.headless=true -Xmx1024M -Dfile.encoding=windows-1252 -Duser.country=US -Duser.language=en -Duser.variant 
java_command: com.android.dx.command.Main --dex --num-threads=4 --output E:\IUIUCHATBOX\CampusMobApp\app\build\intermediates\pre-dexed\debug\internal_impl-23.4.0_21edd083635b2bb28f11667d6977e2c1470e24ce.jar E:\IUIUCHATBOX\CampusMobApp\app\build\intermediates\exploded-aar\com.android.support\support-v4\23.4.0\jars\libs\internal_impl-23.4.0.jar
Launcher Type: SUN_STANDARD

Environment Variables:
PATH=C:\ProgramData\Oracle\Java\javapath;C:\Windows\system32;C:\Windows;C:\Windows\System32\Wbem;C:\Windows\System32\WindowsPowerShell\v1.0\;C:\Program Files\Microsoft SQL Server\110\Tools\Binn\;C:\Program Files (x86)\Skype\Phone\;C:\Program Files\Microsoft\Web Platform Installer\;C:\Program Files (x86)\Microsoft ASP.NET\ASP.NET Web Pages\v1.0\;C:\Program Files (x86)\Windows Kits\8.0\Windows Performance Toolkit\
USERNAME=HUZY_KAMZ
OS=Windows_NT
PROCESSOR_IDENTIFIER=Intel64 Family 6 Model 69 Stepping 1, GenuineIntel



---------------  S Y S T E M  ---------------

OS: Windows 8.1 , 64 bit Build 9600 

CPU:total 4 (2 cores per cpu, 2 threads per core) family 6 model 69 stepping 1, cmov, cx8, fxsr, mmx, sse, sse2, sse3, ssse3, sse4.1, sse4.2, popcnt, avx, avx2, aes, erms, ht, tsc, tscinvbit

Memory: 4k page, physical 8274284k(1058068k free), swap 8274284k(8004k free)

vm_info: Java HotSpot(TM) 64-Bit Server VM (24.79-b02) for windows-amd64 JRE (1.7.0_79-b15), built on Apr 10 2015 12:36:16 by "java_re" with unknown MS VC++:1600

time: Tue Oct 11 11:33:11 2016
elapsed time: 3 seconds

